2022-07-12T04:14:06+00:00 CRITICAL Uncaught Error: Call to undefined method WC_Payment_Token_CC::get_html_classes() in /var/www/html/modules/woo-stripe-payment/templates/payment-methods.php:11
Stack trace:
#0 /var/www/html/modules/woocommerce/includes/wc-core-functions.php(345): include()
#1 /var/www/html/modules/woo-stripe-payment/includes/wc-stripe-functions.php(15): wc_get_template('payment-methods...', Array, 'woo-stripe-paym...', '/var/www/html/m...')
#2 /var/www/html/modules/woo-stripe-payment/includes/abstract/abstract-wc-payment-gateway-stripe.php(829): wc_stripe_get_template('payment-methods...', Array)
#3 /var/www/html/modules/woo-stripe-payment/templates/checkout/stripe-payment-method.php(29): WC_Payment_Gateway_Stripe->saved_payment_methods(Array)
#4 /var/www/html/modules/woocommerce/includes/wc-core-functions.php(345): include('/var/www/html/m...')
#5 /var/www/html/modules/woo-stripe-payment/includes/wc-stripe-functions.php(15): wc_get_template('checkout/stripe...', Array, 'woo-stripe-paym...', '/var/www/html/m...')
#6 /var/www/ht in /var/www/html/modules/woo-stripe-payment/templates/payment-methods.php on line 11

2022-07-12T07:35:15+00:00 CRITICAL Uncaught Error: Call to undefined method WC_Payment_Token_CC::get_html_classes() in /var/www/html/modules/woo-stripe-payment/templates/payment-methods.php:11
Stack trace:
#0 /var/www/html/modules/woocommerce/includes/wc-core-functions.php(345): include()
#1 /var/www/html/modules/woo-stripe-payment/includes/wc-stripe-functions.php(15): wc_get_template('payment-methods...', Array, 'woo-stripe-paym...', '/var/www/html/m...')
#2 /var/www/html/modules/woo-stripe-payment/includes/abstract/abstract-wc-payment-gateway-stripe.php(829): wc_stripe_get_template('payment-methods...', Array)
#3 /var/www/html/modules/woo-stripe-payment/templates/checkout/stripe-payment-method.php(29): WC_Payment_Gateway_Stripe->saved_payment_methods(Array)
#4 /var/www/html/modules/woocommerce/includes/wc-core-functions.php(345): include('/var/www/html/m...')
#5 /var/www/html/modules/woo-stripe-payment/includes/wc-stripe-functions.php(15): wc_get_template('checkout/stripe...', Array, 'woo-stripe-paym...', '/var/www/html/m...')
#6 /var/www/ht in /var/www/html/modules/woo-stripe-payment/templates/payment-methods.php on line 11

2022-07-12T07:36:30+00:00 CRITICAL Uncaught Error: Call to undefined method WC_Payment_Token_CC::get_html_classes() in /var/www/html/modules/woo-stripe-payment/templates/payment-methods.php:11
Stack trace:
#0 /var/www/html/modules/woocommerce/includes/wc-core-functions.php(345): include()
#1 /var/www/html/modules/woo-stripe-payment/includes/wc-stripe-functions.php(15): wc_get_template('payment-methods...', Array, 'woo-stripe-paym...', '/var/www/html/m...')
#2 /var/www/html/modules/woo-stripe-payment/includes/abstract/abstract-wc-payment-gateway-stripe.php(829): wc_stripe_get_template('payment-methods...', Array)
#3 /var/www/html/modules/woo-stripe-payment/templates/checkout/stripe-payment-method.php(29): WC_Payment_Gateway_Stripe->saved_payment_methods(Array)
#4 /var/www/html/modules/woocommerce/includes/wc-core-functions.php(345): include('/var/www/html/m...')
#5 /var/www/html/modules/woo-stripe-payment/includes/wc-stripe-functions.php(15): wc_get_template('checkout/stripe...', Array, 'woo-stripe-paym...', '/var/www/html/m...')
#6 /var/www/ht in /var/www/html/modules/woo-stripe-payment/templates/payment-methods.php on line 11

2022-07-12T08:22:03+00:00 CRITICAL Uncaught ArgumentCountError: Too few arguments to function wc_get_account_endpoint_url(), 0 passed in /var/www/html/modules/tn-transfer/includes/setup/ajax.php on line 99 and exactly 1 expected in /var/www/html/modules/woocommerce/includes/wc-account-functions.php:174
Stack trace:
#0 /var/www/html/modules/tn-transfer/includes/setup/ajax.php(99): wc_get_account_endpoint_url()
#1 /var/www/html/core/wp-includes/class-wp-hook.php(307): ajax_transfer_init('')
#2 /var/www/html/core/wp-includes/class-wp-hook.php(331): WP_Hook->apply_filters('', Array)
#3 /var/www/html/core/wp-includes/plugin.php(476): WP_Hook->do_action(Array)
#4 /var/www/html/core/wp-admin/admin-post.php(85): do_action('admin_post_tran...')
#5 {main}
  thrown in /var/www/html/modules/woocommerce/includes/wc-account-functions.php on line 174

