2022-07-11T04:39:06+00:00 CRITICAL Uncaught Error: Call to undefined method WC_Payment_Token_CC::get_html_classes() in /var/www/html/modules/woo-stripe-payment/templates/payment-methods.php:11
Stack trace:
#0 /var/www/html/modules/woocommerce/includes/wc-core-functions.php(345): include()
#1 /var/www/html/modules/woo-stripe-payment/includes/wc-stripe-functions.php(15): wc_get_template('payment-methods...', Array, 'woo-stripe-paym...', '/var/www/html/m...')
#2 /var/www/html/modules/woo-stripe-payment/includes/abstract/abstract-wc-payment-gateway-stripe.php(829): wc_stripe_get_template('payment-methods...', Array)
#3 /var/www/html/modules/woo-stripe-payment/templates/checkout/stripe-payment-method.php(29): WC_Payment_Gateway_Stripe->saved_payment_methods(Array)
#4 /var/www/html/modules/woocommerce/includes/wc-core-functions.php(345): include('/var/www/html/m...')
#5 /var/www/html/modules/woo-stripe-payment/includes/wc-stripe-functions.php(15): wc_get_template('checkout/stripe...', Array, 'woo-stripe-paym...', '/var/www/html/m...')
#6 /var/www/ht in /var/www/html/modules/woo-stripe-payment/templates/payment-methods.php on line 11

2022-07-11T04:39:08+00:00 CRITICAL Uncaught Error: Call to undefined method WC_Payment_Token_CC::get_html_classes() in /var/www/html/modules/woo-stripe-payment/templates/payment-methods.php:11
Stack trace:
#0 /var/www/html/modules/woocommerce/includes/wc-core-functions.php(345): include()
#1 /var/www/html/modules/woo-stripe-payment/includes/wc-stripe-functions.php(15): wc_get_template('payment-methods...', Array, 'woo-stripe-paym...', '/var/www/html/m...')
#2 /var/www/html/modules/woo-stripe-payment/includes/abstract/abstract-wc-payment-gateway-stripe.php(829): wc_stripe_get_template('payment-methods...', Array)
#3 /var/www/html/modules/woo-stripe-payment/templates/checkout/stripe-payment-method.php(29): WC_Payment_Gateway_Stripe->saved_payment_methods(Array)
#4 /var/www/html/modules/woocommerce/includes/wc-core-functions.php(345): include('/var/www/html/m...')
#5 /var/www/html/modules/woo-stripe-payment/includes/wc-stripe-functions.php(15): wc_get_template('checkout/stripe...', Array, 'woo-stripe-paym...', '/var/www/html/m...')
#6 /var/www/ht in /var/www/html/modules/woo-stripe-payment/templates/payment-methods.php on line 11

2022-07-11T04:42:16+00:00 CRITICAL Uncaught Error: Call to undefined method WC_Payment_Token_CC::get_html_classes() in /var/www/html/modules/woo-stripe-payment/templates/payment-methods.php:11
Stack trace:
#0 /var/www/html/modules/woocommerce/includes/wc-core-functions.php(345): include()
#1 /var/www/html/modules/woo-stripe-payment/includes/wc-stripe-functions.php(15): wc_get_template('payment-methods...', Array, 'woo-stripe-paym...', '/var/www/html/m...')
#2 /var/www/html/modules/woo-stripe-payment/includes/abstract/abstract-wc-payment-gateway-stripe.php(829): wc_stripe_get_template('payment-methods...', Array)
#3 /var/www/html/modules/woo-stripe-payment/templates/checkout/stripe-payment-method.php(29): WC_Payment_Gateway_Stripe->saved_payment_methods(Array)
#4 /var/www/html/modules/woocommerce/includes/wc-core-functions.php(345): include('/var/www/html/m...')
#5 /var/www/html/modules/woo-stripe-payment/includes/wc-stripe-functions.php(15): wc_get_template('checkout/stripe...', Array, 'woo-stripe-paym...', '/var/www/html/m...')
#6 /var/www/ht in /var/www/html/modules/woo-stripe-payment/templates/payment-methods.php on line 11

2022-07-11T04:42:36+00:00 CRITICAL Uncaught Error: Call to undefined method WC_Payment_Token_CC::get_html_classes() in /var/www/html/modules/woo-stripe-payment/templates/payment-methods.php:11
Stack trace:
#0 /var/www/html/modules/woocommerce/includes/wc-core-functions.php(345): include()
#1 /var/www/html/modules/woo-stripe-payment/includes/wc-stripe-functions.php(15): wc_get_template('payment-methods...', Array, 'woo-stripe-paym...', '/var/www/html/m...')
#2 /var/www/html/modules/woo-stripe-payment/includes/abstract/abstract-wc-payment-gateway-stripe.php(829): wc_stripe_get_template('payment-methods...', Array)
#3 /var/www/html/modules/woo-stripe-payment/templates/checkout/stripe-payment-method.php(29): WC_Payment_Gateway_Stripe->saved_payment_methods(Array)
#4 /var/www/html/modules/woocommerce/includes/wc-core-functions.php(345): include('/var/www/html/m...')
#5 /var/www/html/modules/woo-stripe-payment/includes/wc-stripe-functions.php(15): wc_get_template('checkout/stripe...', Array, 'woo-stripe-paym...', '/var/www/html/m...')
#6 /var/www/ht in /var/www/html/modules/woo-stripe-payment/templates/payment-methods.php on line 11

2022-07-11T04:43:19+00:00 CRITICAL Uncaught Error: Call to undefined method WC_Payment_Token_CC::get_html_classes() in /var/www/html/modules/woo-stripe-payment/templates/payment-methods.php:11
Stack trace:
#0 /var/www/html/modules/woocommerce/includes/wc-core-functions.php(345): include()
#1 /var/www/html/modules/woo-stripe-payment/includes/wc-stripe-functions.php(15): wc_get_template('payment-methods...', Array, 'woo-stripe-paym...', '/var/www/html/m...')
#2 /var/www/html/modules/woo-stripe-payment/includes/abstract/abstract-wc-payment-gateway-stripe.php(829): wc_stripe_get_template('payment-methods...', Array)
#3 /var/www/html/modules/woo-stripe-payment/templates/checkout/stripe-payment-method.php(29): WC_Payment_Gateway_Stripe->saved_payment_methods(Array)
#4 /var/www/html/modules/woocommerce/includes/wc-core-functions.php(345): include('/var/www/html/m...')
#5 /var/www/html/modules/woo-stripe-payment/includes/wc-stripe-functions.php(15): wc_get_template('checkout/stripe...', Array, 'woo-stripe-paym...', '/var/www/html/m...')
#6 /var/www/ht in /var/www/html/modules/woo-stripe-payment/templates/payment-methods.php on line 11

2022-07-11T06:13:51+00:00 CRITICAL Uncaught Error: Call to undefined method WC_Payment_Token_CC::get_html_classes() in /var/www/html/modules/woo-stripe-payment/templates/payment-methods.php:11
Stack trace:
#0 /var/www/html/modules/woocommerce/includes/wc-core-functions.php(345): include()
#1 /var/www/html/modules/woo-stripe-payment/includes/wc-stripe-functions.php(15): wc_get_template('payment-methods...', Array, 'woo-stripe-paym...', '/var/www/html/m...')
#2 /var/www/html/modules/woo-stripe-payment/includes/abstract/abstract-wc-payment-gateway-stripe.php(829): wc_stripe_get_template('payment-methods...', Array)
#3 /var/www/html/modules/woo-stripe-payment/templates/checkout/stripe-payment-method.php(29): WC_Payment_Gateway_Stripe->saved_payment_methods(Array)
#4 /var/www/html/modules/woocommerce/includes/wc-core-functions.php(345): include('/var/www/html/m...')
#5 /var/www/html/modules/woo-stripe-payment/includes/wc-stripe-functions.php(15): wc_get_template('checkout/stripe...', Array, 'woo-stripe-paym...', '/var/www/html/m...')
#6 /var/www/ht in /var/www/html/modules/woo-stripe-payment/templates/payment-methods.php on line 11

