2022-07-05T01:15:30+00:00 CRITICAL syntax error, unexpected '<<' (T_SL) in /var/www/html/modules/huntgem/dashboard/dashboard-functions.php on line 244

2022-07-05T01:15:38+00:00 CRITICAL syntax error, unexpected '<<' (T_SL) in /var/www/html/modules/huntgem/dashboard/dashboard-functions.php on line 244

2022-07-05T01:15:56+00:00 CRITICAL syntax error, unexpected '<<' (T_SL) in /var/www/html/modules/huntgem/dashboard/dashboard-functions.php on line 244

2022-07-05T01:17:46+00:00 CRITICAL syntax error, unexpected '<<' (T_SL) in /var/www/html/modules/huntgem/dashboard/dashboard-functions.php on line 244

2022-07-05T01:21:23+00:00 CRITICAL syntax error, unexpected '<<' (T_SL) in /var/www/html/modules/huntgem/dashboard/dashboard-functions.php on line 244

2022-07-05T01:36:45+00:00 CRITICAL syntax error, unexpected '<<' (T_SL) in /var/www/html/modules/huntgem/dashboard/dashboard-functions.php on line 244

2022-07-05T01:41:31+00:00 CRITICAL syntax error, unexpected '<<' (T_SL) in /var/www/html/modules/huntgem/dashboard/dashboard-functions.php on line 244

2022-07-05T01:41:37+00:00 CRITICAL syntax error, unexpected '<<' (T_SL) in /var/www/html/modules/huntgem/dashboard/dashboard-functions.php on line 244

2022-07-05T01:44:55+00:00 CRITICAL syntax error, unexpected '<<' (T_SL) in /var/www/html/modules/huntgem/dashboard/dashboard-functions.php on line 244

2022-07-05T01:45:07+00:00 CRITICAL syntax error, unexpected '<<' (T_SL) in /var/www/html/modules/huntgem/dashboard/dashboard-functions.php on line 244

2022-07-05T01:46:19+00:00 CRITICAL syntax error, unexpected '<<' (T_SL) in /var/www/html/modules/huntgem/dashboard/dashboard-functions.php on line 244

2022-07-05T01:46:51+00:00 CRITICAL syntax error, unexpected '<<' (T_SL) in /var/www/html/modules/huntgem/dashboard/dashboard-functions.php on line 244

2022-07-05T02:14:03+00:00 CRITICAL Uncaught Error: Call to a member function get_min_purchase_quantity() on null in /var/www/html/modules/huntgem/woocommerce/single-product/add-to-cart/variation-add-to-cart-button.php:24
Stack trace:
#0 /var/www/html/modules/woocommerce/includes/wc-core-functions.php(345): include()
#1 /var/www/html/modules/woocommerce/includes/wc-template-functions.php(3042): wc_get_template('single-product/...')
#2 /var/www/html/core/wp-includes/class-wp-hook.php(307): woocommerce_single_variation_add_to_cart_button('')
#3 /var/www/html/core/wp-includes/class-wp-hook.php(331): WP_Hook->apply_filters(NULL, Array)
#4 /var/www/html/core/wp-includes/plugin.php(476): WP_Hook->do_action(Array)
#5 /var/www/html/modules/woocommerce/templates/single-product/add-to-cart/variable.php(71): do_action('woocommerce_sin...')
#6 /var/www/html/modules/woocommerce/includes/wc-core-functions.php(345): include('/var/www/html/m...')
#7 /var/www/html/modules/woocommerce/includes/wc-template-functions.php(1729): wc_get_template('single-product/...' in /var/www/html/modules/huntgem/woocommerce/single-product/add-to-cart/variation-add-to-cart-button.php on line 24

2022-07-05T02:16:48+00:00 CRITICAL Uncaught Error: Call to a member function get_min_purchase_quantity() on null in /var/www/html/modules/huntgem/woocommerce/single-product/add-to-cart/variation-add-to-cart-button.php:24
Stack trace:
#0 /var/www/html/modules/woocommerce/includes/wc-core-functions.php(345): include()
#1 /var/www/html/modules/woocommerce/includes/wc-template-functions.php(3042): wc_get_template('single-product/...')
#2 /var/www/html/core/wp-includes/class-wp-hook.php(307): woocommerce_single_variation_add_to_cart_button('')
#3 /var/www/html/core/wp-includes/class-wp-hook.php(331): WP_Hook->apply_filters(NULL, Array)
#4 /var/www/html/core/wp-includes/plugin.php(476): WP_Hook->do_action(Array)
#5 /var/www/html/modules/woocommerce/templates/single-product/add-to-cart/variable.php(71): do_action('woocommerce_sin...')
#6 /var/www/html/modules/woocommerce/includes/wc-core-functions.php(345): include('/var/www/html/m...')
#7 /var/www/html/modules/woocommerce/includes/wc-template-functions.php(1729): wc_get_template('single-product/...' in /var/www/html/modules/huntgem/woocommerce/single-product/add-to-cart/variation-add-to-cart-button.php on line 24

2022-07-05T03:03:21+00:00 CRITICAL Uncaught Error: Call to undefined function getHistoryInfo() in /var/www/html/modules/huntgem/woocommerce/myaccount/orders.php:148
Stack trace:
#0 /var/www/html/modules/woocommerce/includes/wc-core-functions.php(345): include()
#1 /var/www/html/modules/woocommerce/includes/wc-template-functions.php(3193): wc_get_template('myaccount/order...', Array)
#2 /var/www/html/core/wp-includes/class-wp-hook.php(307): woocommerce_account_orders(1)
#3 /var/www/html/core/wp-includes/class-wp-hook.php(331): WP_Hook->apply_filters('', Array)
#4 /var/www/html/core/wp-includes/plugin.php(476): WP_Hook->do_action(Array)
#5 /var/www/html/modules/woocommerce/includes/wc-template-functions.php(3142): do_action('woocommerce_acc...', '')
#6 /var/www/html/core/wp-includes/class-wp-hook.php(307): woocommerce_account_content('')
#7 /var/www/html/core/wp-includes/class-wp-hook.php(331): WP_Hook->apply_filters(NULL, Array)
#8 /var/www/html/core/wp-includes/plugin.php(476): WP_Hook->do_action(Array)
#9 /var/www/html/modules/huntgem/woocomm in /var/www/html/modules/huntgem/woocommerce/myaccount/orders.php on line 148

