2022-07-19T01:28:13+00:00 CRITICAL Uncaught ArgumentCountError: Too few arguments to function upgrade_level(), 1 passed in /var/www/html/modules/huntgem/woocommerce/myaccount/partials/dashboard/section-aff.php on line 86 and exactly 2 expected in /var/www/html/modules/huntgem/function.php:283
Stack trace:
#0 /var/www/html/modules/huntgem/woocommerce/myaccount/partials/dashboard/section-aff.php(86): upgrade_level(5)
#1 /var/www/html/modules/huntgem/woocommerce/myaccount/dashboard.php(199): include_once('/var/www/html/m...')
#2 /var/www/html/modules/woocommerce/includes/wc-core-functions.php(345): include('/var/www/html/m...')
#3 /var/www/html/modules/woocommerce/includes/wc-template-functions.php(3152): wc_get_template('myaccount/dashb...', Array)
#4 /var/www/html/core/wp-includes/class-wp-hook.php(307): woocommerce_account_content('')
#5 /var/www/html/core/wp-includes/class-wp-hook.php(331): WP_Hook->apply_filters(NULL, Array)
#6 /var/www/html/core/wp-includes/plugin.php(476): WP_Hook->do_action(Array)
#7 /var/www/html/modules/huntgem/woocomme in /var/www/html/modules/huntgem/function.php on line 283

2022-07-19T01:36:21+00:00 CRITICAL Uncaught ArgumentCountError: Too few arguments to function upgrade_level(), 1 passed in /var/www/html/modules/huntgem/woocommerce/myaccount/partials/dashboard/section-aff.php on line 87 and exactly 2 expected in /var/www/html/modules/huntgem/function.php:283
Stack trace:
#0 /var/www/html/modules/huntgem/woocommerce/myaccount/partials/dashboard/section-aff.php(87): upgrade_level(5)
#1 /var/www/html/modules/huntgem/woocommerce/myaccount/dashboard.php(199): include_once('/var/www/html/m...')
#2 /var/www/html/modules/woocommerce/includes/wc-core-functions.php(345): include('/var/www/html/m...')
#3 /var/www/html/modules/woocommerce/includes/wc-template-functions.php(3152): wc_get_template('myaccount/dashb...', Array)
#4 /var/www/html/core/wp-includes/class-wp-hook.php(307): woocommerce_account_content('')
#5 /var/www/html/core/wp-includes/class-wp-hook.php(331): WP_Hook->apply_filters(NULL, Array)
#6 /var/www/html/core/wp-includes/plugin.php(476): WP_Hook->do_action(Array)
#7 /var/www/html/modules/huntgem/woocomme in /var/www/html/modules/huntgem/function.php on line 283

2022-07-19T01:36:49+00:00 CRITICAL Uncaught ArgumentCountError: Too few arguments to function upgrade_level(), 1 passed in /var/www/html/modules/huntgem/woocommerce/myaccount/partials/dashboard/section-aff.php on line 87 and exactly 2 expected in /var/www/html/modules/huntgem/function.php:283
Stack trace:
#0 /var/www/html/modules/huntgem/woocommerce/myaccount/partials/dashboard/section-aff.php(87): upgrade_level(5)
#1 /var/www/html/modules/huntgem/woocommerce/myaccount/dashboard.php(199): include_once('/var/www/html/m...')
#2 /var/www/html/modules/woocommerce/includes/wc-core-functions.php(345): include('/var/www/html/m...')
#3 /var/www/html/modules/woocommerce/includes/wc-template-functions.php(3152): wc_get_template('myaccount/dashb...', Array)
#4 /var/www/html/core/wp-includes/class-wp-hook.php(307): woocommerce_account_content('')
#5 /var/www/html/core/wp-includes/class-wp-hook.php(331): WP_Hook->apply_filters(NULL, Array)
#6 /var/www/html/core/wp-includes/plugin.php(476): WP_Hook->do_action(Array)
#7 /var/www/html/modules/huntgem/woocomme in /var/www/html/modules/huntgem/function.php on line 283

2022-07-19T01:37:13+00:00 CRITICAL Uncaught ArgumentCountError: Too few arguments to function upgrade_level(), 1 passed in /var/www/html/modules/huntgem/woocommerce/myaccount/partials/dashboard/section-aff.php on line 87 and exactly 2 expected in /var/www/html/modules/huntgem/function.php:283
Stack trace:
#0 /var/www/html/modules/huntgem/woocommerce/myaccount/partials/dashboard/section-aff.php(87): upgrade_level(5)
#1 /var/www/html/modules/huntgem/woocommerce/myaccount/dashboard.php(199): include_once('/var/www/html/m...')
#2 /var/www/html/modules/woocommerce/includes/wc-core-functions.php(345): include('/var/www/html/m...')
#3 /var/www/html/modules/woocommerce/includes/wc-template-functions.php(3152): wc_get_template('myaccount/dashb...', Array)
#4 /var/www/html/core/wp-includes/class-wp-hook.php(307): woocommerce_account_content('')
#5 /var/www/html/core/wp-includes/class-wp-hook.php(331): WP_Hook->apply_filters(NULL, Array)
#6 /var/www/html/core/wp-includes/plugin.php(476): WP_Hook->do_action(Array)
#7 /var/www/html/modules/huntgem/woocomme in /var/www/html/modules/huntgem/function.php on line 283

2022-07-19T01:40:21+00:00 CRITICAL Uncaught ArgumentCountError: Too few arguments to function upgrade_level(), 1 passed in /var/www/html/modules/huntgem/woocommerce/myaccount/partials/dashboard/section-aff.php on line 87 and exactly 2 expected in /var/www/html/modules/huntgem/function.php:283
Stack trace:
#0 /var/www/html/modules/huntgem/woocommerce/myaccount/partials/dashboard/section-aff.php(87): upgrade_level(5)
#1 /var/www/html/modules/huntgem/woocommerce/myaccount/dashboard.php(199): include_once('/var/www/html/m...')
#2 /var/www/html/modules/woocommerce/includes/wc-core-functions.php(345): include('/var/www/html/m...')
#3 /var/www/html/modules/woocommerce/includes/wc-template-functions.php(3152): wc_get_template('myaccount/dashb...', Array)
#4 /var/www/html/core/wp-includes/class-wp-hook.php(307): woocommerce_account_content('')
#5 /var/www/html/core/wp-includes/class-wp-hook.php(331): WP_Hook->apply_filters(NULL, Array)
#6 /var/www/html/core/wp-includes/plugin.php(476): WP_Hook->do_action(Array)
#7 /var/www/html/modules/huntgem/woocomme in /var/www/html/modules/huntgem/function.php on line 283

2022-07-19T01:41:44+00:00 CRITICAL syntax error, unexpected '?>' in /var/www/html/modules/huntgem/woocommerce/myaccount/partials/dashboard/section-aff.php on line 81

2022-07-19T01:42:34+00:00 CRITICAL Uncaught ArgumentCountError: Too few arguments to function upgrade_level(), 1 passed in /var/www/html/modules/huntgem/woocommerce/myaccount/partials/dashboard/section-aff.php on line 87 and exactly 2 expected in /var/www/html/modules/huntgem/function.php:283
Stack trace:
#0 /var/www/html/modules/huntgem/woocommerce/myaccount/partials/dashboard/section-aff.php(87): upgrade_level(5)
#1 /var/www/html/modules/huntgem/woocommerce/myaccount/dashboard.php(199): include_once('/var/www/html/m...')
#2 /var/www/html/modules/woocommerce/includes/wc-core-functions.php(345): include('/var/www/html/m...')
#3 /var/www/html/modules/woocommerce/includes/wc-template-functions.php(3152): wc_get_template('myaccount/dashb...', Array)
#4 /var/www/html/core/wp-includes/class-wp-hook.php(307): woocommerce_account_content('')
#5 /var/www/html/core/wp-includes/class-wp-hook.php(331): WP_Hook->apply_filters(NULL, Array)
#6 /var/www/html/core/wp-includes/plugin.php(476): WP_Hook->do_action(Array)
#7 /var/www/html/modules/huntgem/woocomme in /var/www/html/modules/huntgem/function.php on line 283

