2022-07-06T08:02:58+00:00 CRITICAL Uncaught Error: Call to undefined method WC_Payment_Token_CC::get_html_classes() in /var/www/html/modules/woo-stripe-payment/templates/payment-methods.php:11
Stack trace:
#0 /var/www/html/modules/woocommerce/includes/wc-core-functions.php(345): include()
#1 /var/www/html/modules/woo-stripe-payment/includes/wc-stripe-functions.php(15): wc_get_template('payment-methods...', Array, 'woo-stripe-paym...', '/var/www/html/m...')
#2 /var/www/html/modules/woo-stripe-payment/includes/abstract/abstract-wc-payment-gateway-stripe.php(829): wc_stripe_get_template('payment-methods...', Array)
#3 /var/www/html/modules/woo-stripe-payment/templates/checkout/stripe-payment-method.php(29): WC_Payment_Gateway_Stripe->saved_payment_methods(Array)
#4 /var/www/html/modules/woocommerce/includes/wc-core-functions.php(345): include('/var/www/html/m...')
#5 /var/www/html/modules/woo-stripe-payment/includes/wc-stripe-functions.php(15): wc_get_template('checkout/stripe...', Array, 'woo-stripe-paym...', '/var/www/html/m...')
#6 /var/www/ht in /var/www/html/modules/woo-stripe-payment/templates/payment-methods.php on line 11

2022-07-06T08:15:16+00:00 CRITICAL Uncaught Error: Call to a member function get_cart() on null in /var/www/html/modules/huntgem/woocommerce/checkout/checkout-functions.php:120
Stack trace:
#0 /var/www/html/core/wp-includes/class-wp-hook.php(307): njengah_paypal_disable_manager(Array)
#1 /var/www/html/core/wp-includes/plugin.php(191): WP_Hook->apply_filters(Array, Array)
#2 /var/www/html/modules/woocommerce/includes/class-wc-payment-gateways.php(163): apply_filters('woocommerce_ava...', Array)
#3 /var/www/html/modules/woocommerce/src/Admin/Features/OnboardingTasks/Tasks/Payments.php(89): WC_Payment_Gateways->get_available_payment_gateways()
#4 /var/www/html/modules/woocommerce/src/Admin/Features/OnboardingTasks/Tasks/Payments.php(70): Automattic\WooCommerce\Admin\Features\OnboardingTasks\Tasks\Payments::has_gateways()
#5 /var/www/html/modules/woocommerce/src/Admin/Features/OnboardingTasks/TaskList.php(235): Automattic\WooCommerce\Admin\Features\OnboardingTasks\Tasks\Payments->is_complete()
#6 [internal function]: Automattic\WooCommerce\Admin\F in /var/www/html/modules/huntgem/woocommerce/checkout/checkout-functions.php on line 120

2022-07-06T09:20:00+00:00 CRITICAL Uncaught Error: Call to a member function get_cart() on null in /var/www/html/modules/huntgem/woocommerce/checkout/checkout-functions.php:120
Stack trace:
#0 /var/www/html/core/wp-includes/class-wp-hook.php(307): njengah_paypal_disable_manager(Array)
#1 /var/www/html/core/wp-includes/plugin.php(191): WP_Hook->apply_filters(Array, Array)
#2 /var/www/html/modules/woocommerce/includes/class-wc-payment-gateways.php(163): apply_filters('woocommerce_ava...', Array)
#3 /var/www/html/modules/woocommerce/src/Admin/Features/OnboardingTasks/Tasks/Payments.php(89): WC_Payment_Gateways->get_available_payment_gateways()
#4 /var/www/html/modules/woocommerce/src/Admin/Features/OnboardingTasks/Tasks/Payments.php(70): Automattic\WooCommerce\Admin\Features\OnboardingTasks\Tasks\Payments::has_gateways()
#5 /var/www/html/modules/woocommerce/src/Admin/Features/OnboardingTasks/TaskList.php(235): Automattic\WooCommerce\Admin\Features\OnboardingTasks\Tasks\Payments->is_complete()
#6 [internal function]: Automattic\WooCommerce\Admin\F in /var/www/html/modules/huntgem/woocommerce/checkout/checkout-functions.php on line 120

2022-07-06T09:21:31+00:00 CRITICAL Uncaught Error: Call to a member function get_cart() on null in /var/www/html/modules/huntgem/woocommerce/checkout/checkout-functions.php:120
Stack trace:
#0 /var/www/html/core/wp-includes/class-wp-hook.php(307): njengah_paypal_disable_manager(Array)
#1 /var/www/html/core/wp-includes/plugin.php(191): WP_Hook->apply_filters(Array, Array)
#2 /var/www/html/modules/woocommerce/includes/class-wc-payment-gateways.php(163): apply_filters('woocommerce_ava...', Array)
#3 /var/www/html/modules/woocommerce/src/Admin/Features/OnboardingTasks/Tasks/Payments.php(89): WC_Payment_Gateways->get_available_payment_gateways()
#4 /var/www/html/modules/woocommerce/src/Admin/Features/OnboardingTasks/Tasks/Payments.php(70): Automattic\WooCommerce\Admin\Features\OnboardingTasks\Tasks\Payments::has_gateways()
#5 /var/www/html/modules/woocommerce/src/Admin/Features/OnboardingTasks/TaskList.php(235): Automattic\WooCommerce\Admin\Features\OnboardingTasks\Tasks\Payments->is_complete()
#6 [internal function]: Automattic\WooCommerce\Admin\F in /var/www/html/modules/huntgem/woocommerce/checkout/checkout-functions.php on line 120

2022-07-06T09:21:49+00:00 CRITICAL Uncaught Error: Call to a member function get_cart() on null in /var/www/html/modules/huntgem/woocommerce/checkout/checkout-functions.php:120
Stack trace:
#0 /var/www/html/core/wp-includes/class-wp-hook.php(307): njengah_paypal_disable_manager(Array)
#1 /var/www/html/core/wp-includes/plugin.php(191): WP_Hook->apply_filters(Array, Array)
#2 /var/www/html/modules/woocommerce/includes/class-wc-payment-gateways.php(163): apply_filters('woocommerce_ava...', Array)
#3 /var/www/html/modules/woocommerce/src/Admin/Features/OnboardingTasks/Tasks/Payments.php(89): WC_Payment_Gateways->get_available_payment_gateways()
#4 /var/www/html/modules/woocommerce/src/Admin/Features/OnboardingTasks/Tasks/Payments.php(70): Automattic\WooCommerce\Admin\Features\OnboardingTasks\Tasks\Payments::has_gateways()
#5 /var/www/html/modules/woocommerce/src/Admin/Features/OnboardingTasks/TaskList.php(235): Automattic\WooCommerce\Admin\Features\OnboardingTasks\Tasks\Payments->is_complete()
#6 [internal function]: Automattic\WooCommerce\Admin\F in /var/www/html/modules/huntgem/woocommerce/checkout/checkout-functions.php on line 120

2022-07-06T09:22:36+00:00 CRITICAL Uncaught Error: Call to a member function get_cart() on null in /var/www/html/modules/huntgem/woocommerce/checkout/checkout-functions.php:120
Stack trace:
#0 /var/www/html/core/wp-includes/class-wp-hook.php(307): njengah_paypal_disable_manager(Array)
#1 /var/www/html/core/wp-includes/plugin.php(191): WP_Hook->apply_filters(Array, Array)
#2 /var/www/html/modules/woocommerce/includes/class-wc-payment-gateways.php(163): apply_filters('woocommerce_ava...', Array)
#3 /var/www/html/modules/woocommerce/src/Admin/Features/OnboardingTasks/Tasks/Payments.php(89): WC_Payment_Gateways->get_available_payment_gateways()
#4 /var/www/html/modules/woocommerce/src/Admin/Features/OnboardingTasks/Tasks/Payments.php(70): Automattic\WooCommerce\Admin\Features\OnboardingTasks\Tasks\Payments::has_gateways()
#5 /var/www/html/modules/woocommerce/src/Admin/Features/OnboardingTasks/TaskList.php(235): Automattic\WooCommerce\Admin\Features\OnboardingTasks\Tasks\Payments->is_complete()
#6 [internal function]: Automattic\WooCommerce\Admin\F in /var/www/html/modules/huntgem/woocommerce/checkout/checkout-functions.php on line 120

