2022-07-04T02:41:10+00:00 CRITICAL Uncaught WPML\Core\Twig\Error\LoaderError: Unable to find template "flag.twig" (looked into: /var/www/html//modules/sitepress-multilingual-cms/templates/language-switchers/legacy-list-horizontal) in "template.twig" at line 13. in /var/www/html/modules/sitepress-multilingual-cms/lib/twig/src/Loader/FilesystemLoader.php:219
Stack trace:
#0 /var/www/html/modules/sitepress-multilingual-cms/lib/twig/src/Loader/FilesystemLoader.php(138): WPML\Core\Twig\Loader\FilesystemLoader->findTemplate('flag.twig')
#1 /var/www/html/modules/sitepress-multilingual-cms/lib/twig/src/Environment.php(313): WPML\Core\Twig\Loader\FilesystemLoader->getCacheKey('flag.twig')
#2 /var/www/html/modules/sitepress-multilingual-cms/lib/twig/src/Environment.php(398): WPML\Core\Twig\Environment->getTemplateClass('flag.twig')
#3 /var/www/html/modules/sitepress-multilingual-cms/lib/twig/src/Template.php(331): WPML\Core\Twig\Environment->loadTemplate('flag.twig', NULL)
#4 /var/www/html/modules/sitepress-multilingual-cms/lib/twig/src/Environment.php( in /var/www/html/modules/sitepress-multilingual-cms/lib/twig/src/Loader/FilesystemLoader.php on line 219

2022-07-04T02:41:18+00:00 CRITICAL Uncaught WPML\Core\Twig\Error\LoaderError: Unable to find template "flag.twig" (looked into: /var/www/html//modules/sitepress-multilingual-cms/templates/language-switchers/legacy-list-horizontal) in "template.twig" at line 13. in /var/www/html/modules/sitepress-multilingual-cms/lib/twig/src/Loader/FilesystemLoader.php:219
Stack trace:
#0 /var/www/html/modules/sitepress-multilingual-cms/lib/twig/src/Loader/FilesystemLoader.php(138): WPML\Core\Twig\Loader\FilesystemLoader->findTemplate('flag.twig')
#1 /var/www/html/modules/sitepress-multilingual-cms/lib/twig/src/Environment.php(313): WPML\Core\Twig\Loader\FilesystemLoader->getCacheKey('flag.twig')
#2 /var/www/html/modules/sitepress-multilingual-cms/lib/twig/src/Environment.php(398): WPML\Core\Twig\Environment->getTemplateClass('flag.twig')
#3 /var/www/html/modules/sitepress-multilingual-cms/lib/twig/src/Template.php(331): WPML\Core\Twig\Environment->loadTemplate('flag.twig', NULL)
#4 /var/www/html/modules/sitepress-multilingual-cms/lib/twig/src/Environment.php( in /var/www/html/modules/sitepress-multilingual-cms/lib/twig/src/Loader/FilesystemLoader.php on line 219

2022-07-04T02:42:24+00:00 CRITICAL Cannot redeclare ajax_point_transfer_init() (previously declared in /var/www/html/modules/tn-transfer/includes/configs.php:12) in /var/www/html/modules/huntgem/transfer/inc/transfer-functions.php on line 15

2022-07-04T02:46:44+00:00 CRITICAL Uncaught WPML\Core\Twig\Error\LoaderError: Unable to find template "flag.twig" (looked into: /var/www/html//modules/sitepress-multilingual-cms/templates/language-switchers/legacy-list-horizontal) in "template.twig" at line 13. in /var/www/html/modules/sitepress-multilingual-cms/lib/twig/src/Loader/FilesystemLoader.php:219
Stack trace:
#0 /var/www/html/modules/sitepress-multilingual-cms/lib/twig/src/Loader/FilesystemLoader.php(138): WPML\Core\Twig\Loader\FilesystemLoader->findTemplate('flag.twig')
#1 /var/www/html/modules/sitepress-multilingual-cms/lib/twig/src/Environment.php(313): WPML\Core\Twig\Loader\FilesystemLoader->getCacheKey('flag.twig')
#2 /var/www/html/modules/sitepress-multilingual-cms/lib/twig/src/Environment.php(398): WPML\Core\Twig\Environment->getTemplateClass('flag.twig')
#3 /var/www/html/modules/sitepress-multilingual-cms/lib/twig/src/Template.php(331): WPML\Core\Twig\Environment->loadTemplate('flag.twig', NULL)
#4 /var/www/html/modules/sitepress-multilingual-cms/lib/twig/src/Environment.php( in /var/www/html/modules/sitepress-multilingual-cms/lib/twig/src/Loader/FilesystemLoader.php on line 219

2022-07-04T08:01:02+00:00 CRITICAL require_once(): Failed opening required 'INVEST_URI/faq/template-faq-cat.php' (include_path='.:/usr/local/lib/php') in /var/www/html/modules/oxygen/component-framework/includes/ajax.php(1571) : eval()'d code on line 2

